<?xml version="1.0" encoding="UTF-8"?>
<coverage generated="1749486837175" clover="3.2.0">
  <project timestamp="1749486837175" name="All files">
    <metrics statements="58" coveredstatements="58" conditionals="24" coveredconditionals="24" methods="3" coveredmethods="3" elements="85" coveredelements="85" complexity="0" loc="58" ncloc="58" packages="1" files="2" classes="2"/>
    <file name="game.ts" path="C:\Users\1\OneDrive\Рабочий стол\Otus\КУРС JS BASIC\game_of_life\src\game.ts">
      <metrics statements="45" coveredstatements="45" conditionals="21" coveredconditionals="21" methods="2" coveredmethods="2"/>
      <line num="1" count="1" type="stmt"/>
      <line num="2" count="1" type="stmt"/>
      <line num="3" count="1" type="stmt"/>
      <line num="4" count="1" type="cond" truecount="1" falsecount="0"/>
      <line num="5" count="24" type="stmt"/>
      <line num="6" count="24" type="stmt"/>
      <line num="7" count="24" type="stmt"/>
      <line num="8" count="24" type="stmt"/>
      <line num="9" count="24" type="cond" truecount="1" falsecount="0"/>
      <line num="10" count="72" type="cond" truecount="1" falsecount="0"/>
      <line num="11" count="216" type="cond" truecount="2" falsecount="0"/>
      <line num="12" count="24" type="stmt"/>
      <line num="13" count="24" type="cond" truecount="1" falsecount="0"/>
      <line num="14" count="192" type="stmt"/>
      <line num="15" count="192" type="stmt"/>
      <line num="16" count="192" type="stmt"/>
      <line num="17" count="216" type="cond" truecount="4" falsecount="0"/>
      <line num="18" count="98" type="cond" truecount="1" falsecount="0"/>
      <line num="19" count="65" type="stmt"/>
      <line num="20" count="65" type="stmt"/>
      <line num="21" count="98" type="stmt"/>
      <line num="22" count="216" type="stmt"/>
      <line num="23" count="72" type="stmt"/>
      <line num="24" count="24" type="stmt"/>
      <line num="25" count="24" type="stmt"/>
      <line num="26" count="1" type="stmt"/>
      <line num="27" count="1" type="cond" truecount="1" falsecount="0"/>
      <line num="28" count="3" type="stmt"/>
      <line num="29" count="3" type="stmt"/>
      <line num="30" count="3" type="stmt"/>
      <line num="31" count="3" type="stmt"/>
      <line num="32" count="3" type="cond" truecount="1" falsecount="0"/>
      <line num="33" count="7" type="cond" truecount="1" falsecount="0"/>
      <line num="34" count="21" type="stmt"/>
      <line num="35" count="21" type="stmt"/>
      <line num="36" count="21" type="stmt"/>
      <line num="37" count="21" type="cond" truecount="1" falsecount="0"/>
      <line num="38" count="16" type="cond" truecount="3" falsecount="0"/>
      <line num="39" count="21" type="cond" truecount="1" falsecount="0"/>
      <line num="40" count="5" type="cond" truecount="2" falsecount="0"/>
      <line num="41" count="5" type="stmt"/>
      <line num="42" count="21" type="stmt"/>
      <line num="43" count="7" type="stmt"/>
      <line num="44" count="3" type="stmt"/>
      <line num="45" count="3" type="stmt"/>
    </file>
    <file name="gameField.ts" path="C:\Users\1\OneDrive\Рабочий стол\Otus\КУРС JS BASIC\game_of_life\src\gameField.ts">
      <metrics statements="13" coveredstatements="13" conditionals="3" coveredconditionals="3" methods="1" coveredmethods="1"/>
      <line num="1" count="1" type="stmt"/>
      <line num="2" count="1" type="stmt"/>
      <line num="3" count="1" type="cond" truecount="1" falsecount="0"/>
      <line num="4" count="3" type="stmt"/>
      <line num="5" count="3" type="cond" truecount="1" falsecount="0"/>
      <line num="6" count="7" type="stmt"/>
      <line num="7" count="7" type="cond" truecount="1" falsecount="0"/>
      <line num="8" count="21" type="stmt"/>
      <line num="9" count="21" type="stmt"/>
      <line num="10" count="7" type="stmt"/>
      <line num="11" count="7" type="stmt"/>
      <line num="12" count="3" type="stmt"/>
      <line num="13" count="3" type="stmt"/>
    </file>
  </project>
</coverage>
