{"C:\\Users\\1\\OneDrive\\Рабочий стол\\Otus\\КУРС JS BASIC\\game_of_life\\src\\game.ts": {"path":"C:\\Users\\1\\OneDrive\\Рабочий стол\\Otus\\КУРС JS BASIC\\game_of_life\\src\\game.ts","all":false,"statementMap":{"0":{"start":{"line":1,"column":0},"end":{"line":1,"column":0}},"1":{"start":{"line":1,"column":0},"end":{"line":1,"column":38}},"2":{"start":{"line":2,"column":0},"end":{"line":2,"column":47}},"3":{"start":{"line":3,"column":0},"end":{"line":3,"column":0}},"4":{"start":{"line":4,"column":0},"end":{"line":4,"column":36}},"5":{"start":{"line":5,"column":0},"end":{"line":5,"column":15}},"6":{"start":{"line":6,"column":0},"end":{"line":6,"column":12}},"7":{"start":{"line":7,"column":0},"end":{"line":7,"column":12}},"8":{"start":{"line":8,"column":0},"end":{"line":8,"column":11}},"9":{"start":{"line":9,"column":0},"end":{"line":9,"column":28}},"10":{"start":{"line":10,"column":0},"end":{"line":10,"column":31}},"11":{"start":{"line":11,"column":0},"end":{"line":11,"column":16}},"12":{"start":{"line":12,"column":0},"end":{"line":12,"column":0}},"13":{"start":{"line":13,"column":0},"end":{"line":13,"column":36}},"14":{"start":{"line":14,"column":0},"end":{"line":14,"column":38}},"15":{"start":{"line":15,"column":0},"end":{"line":15,"column":33}},"16":{"start":{"line":16,"column":0},"end":{"line":16,"column":17}},"17":{"start":{"line":17,"column":0},"end":{"line":17,"column":7}},"18":{"start":{"line":18,"column":0},"end":{"line":18,"column":26}},"19":{"start":{"line":19,"column":0},"end":{"line":19,"column":26}},"20":{"start":{"line":20,"column":0},"end":{"line":20,"column":0}},"21":{"start":{"line":21,"column":0},"end":{"line":21,"column":65}},"22":{"start":{"line":22,"column":0},"end":{"line":22,"column":38}},"23":{"start":{"line":23,"column":0},"end":{"line":23,"column":18}},"24":{"start":{"line":24,"column":0},"end":{"line":24,"column":9}},"25":{"start":{"line":25,"column":0},"end":{"line":25,"column":7}},"26":{"start":{"line":26,"column":0},"end":{"line":26,"column":5}},"27":{"start":{"line":27,"column":0},"end":{"line":27,"column":3}},"28":{"start":{"line":28,"column":0},"end":{"line":28,"column":15}},"29":{"start":{"line":29,"column":0},"end":{"line":29,"column":1}},"30":{"start":{"line":30,"column":0},"end":{"line":30,"column":0}},"31":{"start":{"line":31,"column":0},"end":{"line":31,"column":56}},"32":{"start":{"line":32,"column":0},"end":{"line":32,"column":28}},"33":{"start":{"line":33,"column":0},"end":{"line":33,"column":31}},"34":{"start":{"line":34,"column":0},"end":{"line":34,"column":0}},"35":{"start":{"line":35,"column":0},"end":{"line":35,"column":48}},"36":{"start":{"line":36,"column":0},"end":{"line":36,"column":34}},"37":{"start":{"line":37,"column":0},"end":{"line":37,"column":36}},"38":{"start":{"line":38,"column":0},"end":{"line":38,"column":61}},"39":{"start":{"line":39,"column":0},"end":{"line":39,"column":37}},"40":{"start":{"line":40,"column":0},"end":{"line":40,"column":0}},"41":{"start":{"line":41,"column":0},"end":{"line":41,"column":23}},"42":{"start":{"line":42,"column":0},"end":{"line":42,"column":76}},"43":{"start":{"line":43,"column":0},"end":{"line":43,"column":14}},"44":{"start":{"line":44,"column":0},"end":{"line":44,"column":53}},"45":{"start":{"line":45,"column":0},"end":{"line":45,"column":7}},"46":{"start":{"line":46,"column":0},"end":{"line":46,"column":5}},"47":{"start":{"line":47,"column":0},"end":{"line":47,"column":3}},"48":{"start":{"line":48,"column":0},"end":{"line":48,"column":18}},"49":{"start":{"line":49,"column":0},"end":{"line":49,"column":1}}},"s":{"0":2,"1":1,"2":1,"3":1,"4":1,"5":24,"6":24,"7":24,"8":24,"9":24,"10":24,"11":24,"12":24,"13":24,"14":72,"15":216,"16":24,"17":24,"18":192,"19":192,"20":192,"21":216,"22":98,"23":65,"24":65,"25":98,"26":216,"27":72,"28":24,"29":24,"30":1,"31":1,"32":3,"33":3,"34":3,"35":3,"36":3,"37":7,"38":21,"39":21,"40":21,"41":21,"42":16,"43":21,"44":5,"45":5,"46":21,"47":7,"48":3,"49":3},"branchMap":{"0":{"type":"branch","line":4,"loc":{"start":{"line":4,"column":7},"end":{"line":29,"column":1}},"locations":[{"start":{"line":4,"column":7},"end":{"line":29,"column":1}}]},"1":{"type":"branch","line":13,"loc":{"start":{"line":13,"column":35},"end":{"line":27,"column":3}},"locations":[{"start":{"line":13,"column":35},"end":{"line":27,"column":3}}]},"2":{"type":"branch","line":14,"loc":{"start":{"line":14,"column":37},"end":{"line":26,"column":5}},"locations":[{"start":{"line":14,"column":37},"end":{"line":26,"column":5}}]},"3":{"type":"branch","line":15,"loc":{"start":{"line":15,"column":18},"end":{"line":15,"column":30}},"locations":[{"start":{"line":15,"column":18},"end":{"line":15,"column":30}}]},"4":{"type":"branch","line":15,"loc":{"start":{"line":15,"column":32},"end":{"line":17,"column":7}},"locations":[{"start":{"line":15,"column":32},"end":{"line":17,"column":7}}]},"5":{"type":"branch","line":17,"loc":{"start":{"line":17,"column":6},"end":{"line":21,"column":23}},"locations":[{"start":{"line":17,"column":6},"end":{"line":21,"column":23}}]},"6":{"type":"branch","line":21,"loc":{"start":{"line":21,"column":19},"end":{"line":21,"column":34}},"locations":[{"start":{"line":21,"column":19},"end":{"line":21,"column":34}}]},"7":{"type":"branch","line":21,"loc":{"start":{"line":21,"column":34},"end":{"line":21,"column":47}},"locations":[{"start":{"line":21,"column":34},"end":{"line":21,"column":47}}]},"8":{"type":"branch","line":21,"loc":{"start":{"line":21,"column":47},"end":{"line":21,"column":62}},"locations":[{"start":{"line":21,"column":47},"end":{"line":21,"column":62}}]},"9":{"type":"branch","line":21,"loc":{"start":{"line":21,"column":64},"end":{"line":25,"column":7}},"locations":[{"start":{"line":21,"column":64},"end":{"line":25,"column":7}}]},"10":{"type":"branch","line":22,"loc":{"start":{"line":22,"column":37},"end":{"line":24,"column":9}},"locations":[{"start":{"line":22,"column":37},"end":{"line":24,"column":9}}]},"11":{"type":"branch","line":31,"loc":{"start":{"line":31,"column":7},"end":{"line":49,"column":1}},"locations":[{"start":{"line":31,"column":7},"end":{"line":49,"column":1}}]},"12":{"type":"branch","line":36,"loc":{"start":{"line":36,"column":33},"end":{"line":47,"column":3}},"locations":[{"start":{"line":36,"column":33},"end":{"line":47,"column":3}}]},"13":{"type":"branch","line":37,"loc":{"start":{"line":37,"column":35},"end":{"line":46,"column":5}},"locations":[{"start":{"line":37,"column":35},"end":{"line":46,"column":5}}]},"14":{"type":"branch","line":41,"loc":{"start":{"line":41,"column":22},"end":{"line":43,"column":7}},"locations":[{"start":{"line":41,"column":22},"end":{"line":43,"column":7}}]},"15":{"type":"branch","line":42,"loc":{"start":{"line":42,"column":44},"end":{"line":42,"column":67}},"locations":[{"start":{"line":42,"column":44},"end":{"line":42,"column":67}}]},"16":{"type":"branch","line":42,"loc":{"start":{"line":42,"column":67},"end":{"line":42,"column":71}},"locations":[{"start":{"line":42,"column":67},"end":{"line":42,"column":71}}]},"17":{"type":"branch","line":42,"loc":{"start":{"line":42,"column":71},"end":{"line":42,"column":75}},"locations":[{"start":{"line":42,"column":71},"end":{"line":42,"column":75}}]},"18":{"type":"branch","line":43,"loc":{"start":{"line":43,"column":7},"end":{"line":45,"column":7}},"locations":[{"start":{"line":43,"column":7},"end":{"line":45,"column":7}}]},"19":{"type":"branch","line":44,"loc":{"start":{"line":44,"column":44},"end":{"line":44,"column":48}},"locations":[{"start":{"line":44,"column":44},"end":{"line":44,"column":48}}]},"20":{"type":"branch","line":44,"loc":{"start":{"line":44,"column":48},"end":{"line":44,"column":52}},"locations":[{"start":{"line":44,"column":48},"end":{"line":44,"column":52}}]}},"b":{"0":[24],"1":[72],"2":[216],"3":[72],"4":[24],"5":[192],"6":[162],"7":[132],"8":[113],"9":[98],"10":[65],"11":[3],"12":[7],"13":[21],"14":[16],"15":[15],"16":[6],"17":[10],"18":[5],"19":[2],"20":[3]},"fnMap":{"0":{"name":"countAliveNeighbors","decl":{"start":{"line":4,"column":7},"end":{"line":29,"column":1}},"loc":{"start":{"line":4,"column":7},"end":{"line":29,"column":1}},"line":4},"1":{"name":"getNextGeneration","decl":{"start":{"line":31,"column":7},"end":{"line":49,"column":1}},"loc":{"start":{"line":31,"column":7},"end":{"line":49,"column":1}},"line":31}},"f":{"0":24,"1":3}}
,"C:\\Users\\1\\OneDrive\\Рабочий стол\\Otus\\КУРС JS BASIC\\game_of_life\\src\\gameField.ts": {"path":"C:\\Users\\1\\OneDrive\\Рабочий стол\\Otus\\КУРС JS BASIC\\game_of_life\\src\\gameField.ts","all":false,"statementMap":{"0":{"start":{"line":1,"column":0},"end":{"line":1,"column":0}},"1":{"start":{"line":1,"column":0},"end":{"line":1,"column":38}},"2":{"start":{"line":2,"column":0},"end":{"line":2,"column":0}},"3":{"start":{"line":3,"column":0},"end":{"line":3,"column":69}},"4":{"start":{"line":4,"column":0},"end":{"line":4,"column":26}},"5":{"start":{"line":5,"column":0},"end":{"line":5,"column":34}},"6":{"start":{"line":6,"column":0},"end":{"line":6,"column":27}},"7":{"start":{"line":7,"column":0},"end":{"line":7,"column":36}},"8":{"start":{"line":8,"column":0},"end":{"line":8,"column":18}},"9":{"start":{"line":9,"column":0},"end":{"line":9,"column":5}},"10":{"start":{"line":10,"column":0},"end":{"line":10,"column":20}},"11":{"start":{"line":11,"column":0},"end":{"line":11,"column":3}},"12":{"start":{"line":12,"column":0},"end":{"line":12,"column":15}},"13":{"start":{"line":13,"column":0},"end":{"line":13,"column":1}}},"s":{"0":2,"1":1,"2":1,"3":1,"4":3,"5":3,"6":7,"7":7,"8":21,"9":21,"10":7,"11":7,"12":3,"13":3},"branchMap":{"0":{"type":"branch","line":3,"loc":{"start":{"line":3,"column":7},"end":{"line":13,"column":1}},"locations":[{"start":{"line":3,"column":7},"end":{"line":13,"column":1}}]},"1":{"type":"branch","line":5,"loc":{"start":{"line":5,"column":33},"end":{"line":11,"column":3}},"locations":[{"start":{"line":5,"column":33},"end":{"line":11,"column":3}}]},"2":{"type":"branch","line":7,"loc":{"start":{"line":7,"column":35},"end":{"line":9,"column":5}},"locations":[{"start":{"line":7,"column":35},"end":{"line":9,"column":5}}]}},"b":{"0":[3],"1":[7],"2":[21]},"fnMap":{"0":{"name":"createEmptyField","decl":{"start":{"line":3,"column":7},"end":{"line":13,"column":1}},"loc":{"start":{"line":3,"column":7},"end":{"line":13,"column":1}},"line":3}},"f":{"0":3}}
}
