{"C:\\Users\\1\\OneDrive\\Рабочий стол\\Otus\\КУРС JS BASIC\\game_of_life\\src\\game.ts": {"path":"C:\\Users\\1\\OneDrive\\Рабочий стол\\Otus\\КУРС JS BASIC\\game_of_life\\src\\game.ts","all":false,"statementMap":{"0":{"start":{"line":1,"column":0},"end":{"line":1,"column":0}}},"s":{"0":1},"branchMap":{},"b":{},"fnMap":{},"f":{}}
,"C:\\Users\\1\\OneDrive\\Рабочий стол\\Otus\\КУРС JS BASIC\\game_of_life\\src\\gameField.ts": {"path":"C:\\Users\\1\\OneDrive\\Рабочий стол\\Otus\\КУРС JS BASIC\\game_of_life\\src\\gameField.ts","all":false,"statementMap":{"0":{"start":{"line":1,"column":0},"end":{"line":1,"column":0}}},"s":{"0":1},"branchMap":{},"b":{},"fnMap":{},"f":{}}
}
