TN:
SF:src\game.ts
FN:4,countAliveNeighbors
FN:27,getNextGeneration
FNF:2
FNH:2
FNDA:24,countAliveNeighbors
FNDA:3,getNextGeneration
DA:1,1
DA:2,1
DA:3,1
DA:4,1
DA:5,24
DA:6,24
DA:7,24
DA:8,24
DA:9,24
DA:10,72
DA:11,216
DA:12,24
DA:13,24
DA:14,192
DA:15,192
DA:16,192
DA:17,216
DA:18,98
DA:19,65
DA:20,65
DA:21,98
DA:22,216
DA:23,72
DA:24,24
DA:25,24
DA:26,1
DA:27,1
DA:28,3
DA:29,3
DA:30,3
DA:31,3
DA:32,3
DA:33,7
DA:34,21
DA:35,21
DA:36,21
DA:37,21
DA:38,16
DA:39,21
DA:40,5
DA:41,5
DA:42,21
DA:43,7
DA:44,3
DA:45,3
LF:45
LH:45
BRDA:4,0,0,24
BRDA:9,1,0,72
BRDA:10,2,0,216
BRDA:11,3,0,72
BRDA:11,4,0,24
BRDA:13,5,0,192
BRDA:17,6,0,162
BRDA:17,7,0,132
BRDA:17,8,0,113
BRDA:17,9,0,98
BRDA:18,10,0,65
BRDA:27,11,0,3
BRDA:32,12,0,7
BRDA:33,13,0,21
BRDA:37,14,0,16
BRDA:38,15,0,15
BRDA:38,16,0,6
BRDA:38,17,0,10
BRDA:39,18,0,5
BRDA:40,19,0,2
BRDA:40,20,0,3
BRF:21
BRH:21
end_of_record
TN:
SF:src\gameField.ts
FN:3,createEmptyField
FNF:1
FNH:1
FNDA:3,createEmptyField
DA:1,1
DA:2,1
DA:3,1
DA:4,3
DA:5,3
DA:6,7
DA:7,7
DA:8,21
DA:9,21
DA:10,7
DA:11,7
DA:12,3
DA:13,3
LF:13
LH:13
BRDA:3,0,0,3
BRDA:5,1,0,7
BRDA:7,2,0,21
BRF:3
BRH:3
end_of_record
