TN:
SF:src\game.ts
FN:4,countAliveNeighbors
FN:31,getNextGeneration
FNF:2
FNH:2
FNDA:24,countAliveNeighbors
FNDA:3,getNextGeneration
DA:1,2
DA:2,1
DA:3,1
DA:4,1
DA:5,24
DA:6,24
DA:7,24
DA:8,24
DA:9,24
DA:10,24
DA:11,24
DA:12,24
DA:13,24
DA:14,72
DA:15,216
DA:16,24
DA:17,24
DA:18,192
DA:19,192
DA:20,192
DA:21,216
DA:22,98
DA:23,65
DA:24,65
DA:25,98
DA:26,216
DA:27,72
DA:28,24
DA:29,24
DA:30,1
DA:31,1
DA:32,3
DA:33,3
DA:34,3
DA:35,3
DA:36,3
DA:37,7
DA:38,21
DA:39,21
DA:40,21
DA:41,21
DA:42,16
DA:43,21
DA:44,5
DA:45,5
DA:46,21
DA:47,7
DA:48,3
DA:49,3
LF:49
LH:49
BRDA:4,0,0,24
BRDA:13,1,0,72
BRDA:14,2,0,216
BRDA:15,3,0,72
BRDA:15,4,0,24
BRDA:17,5,0,192
BRDA:21,6,0,162
BRDA:21,7,0,132
BRDA:21,8,0,113
BRDA:21,9,0,98
BRDA:22,10,0,65
BRDA:31,11,0,3
BRDA:36,12,0,7
BRDA:37,13,0,21
BRDA:41,14,0,16
BRDA:42,15,0,15
BRDA:42,16,0,6
BRDA:42,17,0,10
BRDA:43,18,0,5
BRDA:44,19,0,2
BRDA:44,20,0,3
BRF:21
BRH:21
end_of_record
TN:
SF:src\gameField.ts
FN:3,createEmptyField
FNF:1
FNH:1
FNDA:3,createEmptyField
DA:1,2
DA:2,1
DA:3,1
DA:4,3
DA:5,3
DA:6,7
DA:7,7
DA:8,21
DA:9,21
DA:10,7
DA:11,7
DA:12,3
DA:13,3
LF:13
LH:13
BRDA:3,0,0,3
BRDA:5,1,0,7
BRDA:7,2,0,21
BRF:3
BRH:3
end_of_record
